<?xml version="1.0" encoding="UTF-8"?>
<!-- Generated by org.testng.reporters.JUnitXMLReporter -->
<testsuite ignored="0" hostname="US107559WIN" failures="3" tests="3" name="Account" time="116.96" errors="0" timestamp="2021-08-10T16:34:22 EEST">
  <testcase classname="com.bottomline.tests.AccountCRUD" name="Add" time="49.372">
    <failure type="org.openqa.selenium.NoSuchElementException" message="no such element: Unable to locate element: {&amp;quot;method&amp;quot;:&amp;quot;xpath&amp;quot;,&amp;quot;selector&amp;quot;:&amp;quot;//h2[@class=&amp;apos;mdc-dialog__title&amp;apos;][contains(text(),&amp;apos;Accounts Label&amp;apos;)]/parent::div//div[@class=&amp;apos;card&amp;apos;]//thead/tr[1]/th//div[@class=&amp;apos;dxbs-fixed-header-content&amp;apos;]/../../../tr[@class=&amp;apos;dxbs-filter-row&amp;apos;]/td[1]//input&amp;quot;}
  (Session info: chrome=92.0.4515.131)
For documentation on this error, please visit: https://www.seleniumhq.org/exceptions/no_such_element.html
Build info: version: &amp;apos;3.141.59&amp;apos;, revision: &amp;apos;e82be7d358&amp;apos;, time: &amp;apos;2018-11-14T08:25:53&amp;apos;
System info: host: &amp;apos;US107559WIN&amp;apos;, ip: &amp;apos;10.164.150.7&amp;apos;, os.name: &amp;apos;Windows 10&amp;apos;, os.arch: &amp;apos;amd64&amp;apos;, os.version: &amp;apos;10.0&amp;apos;, java.version: &amp;apos;16.0.1&amp;apos;
Driver info: org.openqa.selenium.chrome.ChromeDriver
Capabilities {acceptInsecureCerts: false, browserName: chrome, browserVersion: 92.0.4515.131, chrome: {chromedriverVersion: 92.0.4515.43 (8c61b7e2989f2..., userDataDir: C:\Users\fouad.rached\Docum...}, goog:chromeOptions: {debuggerAddress: localhost:60249}, javascriptEnabled: true, networkConnectionEnabled: false, pageLoadStrategy: normal, platform: WINDOWS, platformName: WINDOWS, proxy: Proxy(), setWindowRect: true, strictFileInteractability: false, timeouts: {implicit: 0, pageLoad: 300000, script: 30000}, unhandledPromptBehavior: dismiss and notify, webauthn:extension:credBlob: true, webauthn:extension:largeBlob: true, webauthn:virtualAuthenticators: true}
Session ID: 9b27027ffab6e27013154512dbf36379
*** Element info: {Using=xpath, value=//h2[@class=&amp;apos;mdc-dialog__title&amp;apos;][contains(text(),&amp;apos;Accounts Label&amp;apos;)]/parent::div//div[@class=&amp;apos;card&amp;apos;]//thead/tr[1]/th//div[@class=&amp;apos;dxbs-fixed-header-content&amp;apos;]/../../../tr[@class=&amp;apos;dxbs-filter-row&amp;apos;]/td[1]//input}">
      <![CDATA[org.openqa.selenium.NoSuchElementException: no such element: Unable to locate element: {"method":"xpath","selector":"//h2[@class='mdc-dialog__title'][contains(text(),'Accounts Label')]/parent::div//div[@class='card']//thead/tr[1]/th//div[@class='dxbs-fixed-header-content']/../../../tr[@class='dxbs-filter-row']/td[1]//input"}
  (Session info: chrome=92.0.4515.131)
For documentation on this error, please visit: https://www.seleniumhq.org/exceptions/no_such_element.html
Build info: version: '3.141.59', revision: 'e82be7d358', time: '2018-11-14T08:25:53'
System info: host: 'US107559WIN', ip: '10.164.150.7', os.name: 'Windows 10', os.arch: 'amd64', os.version: '10.0', java.version: '16.0.1'
Driver info: org.openqa.selenium.chrome.ChromeDriver
Capabilities {acceptInsecureCerts: false, browserName: chrome, browserVersion: 92.0.4515.131, chrome: {chromedriverVersion: 92.0.4515.43 (8c61b7e2989f2..., userDataDir: C:\Users\fouad.rached\Docum...}, goog:chromeOptions: {debuggerAddress: localhost:60249}, javascriptEnabled: true, networkConnectionEnabled: false, pageLoadStrategy: normal, platform: WINDOWS, platformName: WINDOWS, proxy: Proxy(), setWindowRect: true, strictFileInteractability: false, timeouts: {implicit: 0, pageLoad: 300000, script: 30000}, unhandledPromptBehavior: dismiss and notify, webauthn:extension:credBlob: true, webauthn:extension:largeBlob: true, webauthn:virtualAuthenticators: true}
Session ID: 9b27027ffab6e27013154512dbf36379
*** Element info: {Using=xpath, value=//h2[@class='mdc-dialog__title'][contains(text(),'Accounts Label')]/parent::div//div[@class='card']//thead/tr[1]/th//div[@class='dxbs-fixed-header-content']/../../../tr[@class='dxbs-filter-row']/td[1]//input}
at org.openqa.selenium.remote.http.W3CHttpResponseCodec.createException(W3CHttpResponseCodec.java:187)
at org.openqa.selenium.remote.http.W3CHttpResponseCodec.decode(W3CHttpResponseCodec.java:122)
at org.openqa.selenium.remote.http.W3CHttpResponseCodec.decode(W3CHttpResponseCodec.java:49)
at org.openqa.selenium.remote.HttpCommandExecutor.execute(HttpCommandExecutor.java:158)
at org.openqa.selenium.remote.service.DriverCommandExecutor.execute(DriverCommandExecutor.java:83)
at org.openqa.selenium.remote.RemoteWebDriver.execute(RemoteWebDriver.java:552)
at org.openqa.selenium.remote.RemoteWebDriver.findElement(RemoteWebDriver.java:323)
at org.openqa.selenium.remote.RemoteWebDriver.findElementByXPath(RemoteWebDriver.java:428)
at org.openqa.selenium.By$ByXPath.findElement(By.java:353)
at org.openqa.selenium.remote.RemoteWebDriver.findElement(RemoteWebDriver.java:315)
at com.bottomline.common.Base.Clear(Base.java:193)
at com.bottomline.common.Base.SelectFromPopupGrid(Base.java:283)
at com.bottomline.pages.Account.Add(Account.java:73)
at com.bottomline.tests.AccountCRUD.Add(AccountCRUD.java:25)
at java.base/java.util.ArrayList.forEach(ArrayList.java:1511)
... Removed 31 stack frames]]>
    </failure>
  </testcase> <!-- Add -->
  <testcase classname="com.bottomline.tests.AccountCRUD" name="Edit" time="0.384">
    <failure type="java.lang.IndexOutOfBoundsException" message="Index 6 out of bounds for length 6">
      <![CDATA[java.lang.IndexOutOfBoundsException: Index 6 out of bounds for length 6
at java.base/jdk.internal.util.Preconditions.outOfBounds(Preconditions.java:64)
at java.base/jdk.internal.util.Preconditions.outOfBoundsCheckIndex(Preconditions.java:70)
at java.base/jdk.internal.util.Preconditions.checkIndex(Preconditions.java:266)
at java.base/java.util.Objects.checkIndex(Objects.java:359)
at java.base/java.util.ArrayList.get(ArrayList.java:427)
at com.bottomline.common.Base.Search(Base.java:357)
at com.bottomline.pages.Account.Edit(Account.java:101)
at com.bottomline.tests.AccountCRUD.Edit(AccountCRUD.java:34)
at java.base/java.util.ArrayList.forEach(ArrayList.java:1511)
... Removed 27 stack frames]]>
    </failure>
  </testcase> <!-- Edit -->
  <testcase classname="com.bottomline.tests.AccountCRUD" name="Delete" time="0.115">
    <failure type="java.lang.IndexOutOfBoundsException" message="Index 6 out of bounds for length 6">
      <![CDATA[java.lang.IndexOutOfBoundsException: Index 6 out of bounds for length 6
at java.base/jdk.internal.util.Preconditions.outOfBounds(Preconditions.java:64)
at java.base/jdk.internal.util.Preconditions.outOfBoundsCheckIndex(Preconditions.java:70)
at java.base/jdk.internal.util.Preconditions.checkIndex(Preconditions.java:266)
at java.base/java.util.Objects.checkIndex(Objects.java:359)
at java.base/java.util.ArrayList.get(ArrayList.java:427)
at com.bottomline.common.Base.Search(Base.java:357)
at com.bottomline.pages.Account.Delete(Account.java:122)
at com.bottomline.tests.AccountCRUD.Delete(AccountCRUD.java:41)
at java.base/java.util.ArrayList.forEach(ArrayList.java:1511)
... Removed 27 stack frames]]>
    </failure>
  </testcase> <!-- Delete -->
</testsuite> <!-- Account -->
